<?xml version="1.0" encoding="UTF-8"?>
<coverage generated="1773050084566" clover="3.2.0">
  <project timestamp="1773050084566" name="All files">
    <metrics statements="24" coveredstatements="12" conditionals="10" coveredconditionals="8" methods="3" coveredmethods="2" elements="37" coveredelements="22" complexity="0" loc="24" ncloc="24" packages="2" files="2" classes="2"/>
    <package name="fuel_economy">
      <metrics statements="12" coveredstatements="0" conditionals="1" coveredconditionals="0" methods="1" coveredmethods="0"/>
      <file name="script.js" path="/Users/bohdantytsky/Desktop/fuel_economy/script.js">
        <metrics statements="12" coveredstatements="0" conditionals="1" coveredconditionals="0" methods="1" coveredmethods="0"/>
        <line num="1" count="0" type="cond" truecount="0" falsecount="1"/>
        <line num="2" count="0" type="stmt"/>
        <line num="3" count="0" type="stmt"/>
        <line num="4" count="0" type="stmt"/>
        <line num="5" count="0" type="stmt"/>
        <line num="6" count="0" type="stmt"/>
        <line num="7" count="0" type="stmt"/>
        <line num="8" count="0" type="stmt"/>
        <line num="9" count="0" type="stmt"/>
        <line num="10" count="0" type="stmt"/>
        <line num="11" count="0" type="stmt"/>
        <line num="12" count="0" type="stmt"/>
      </file>
    </package>
    <package name="fuel_economy.src.logic">
      <metrics statements="12" coveredstatements="12" conditionals="9" coveredconditionals="8" methods="2" coveredmethods="2"/>
      <file name="calculator.js" path="/Users/bohdantytsky/Desktop/fuel_economy/src/logic/calculator.js">
        <metrics statements="12" coveredstatements="12" conditionals="9" coveredconditionals="8" methods="2" coveredmethods="2"/>
        <line num="1" count="1" type="stmt"/>
        <line num="2" count="1" type="cond" truecount="1" falsecount="0"/>
        <line num="3" count="4" type="cond" truecount="4" falsecount="0"/>
        <line num="4" count="3" type="stmt"/>
        <line num="5" count="3" type="stmt"/>
        <line num="6" count="1" type="stmt"/>
        <line num="7" count="1" type="stmt"/>
        <line num="8" count="1" type="cond" truecount="1" falsecount="0"/>
        <line num="9" count="2" type="cond" truecount="0" falsecount="1"/>
        <line num="10" count="2" type="cond" truecount="2" falsecount="0"/>
        <line num="11" count="2" type="stmt"/>
        <line num="12" count="2" type="stmt"/>
      </file>
    </package>
  </project>
</coverage>
