{"/Users/bohdantytsky/Desktop/fuel_economy/script.js": {"path":"/Users/bohdantytsky/Desktop/fuel_economy/script.js","all":true,"statementMap":{"0":{"start":{"line":1,"column":0},"end":{"line":1,"column":22}},"1":{"start":{"line":2,"column":0},"end":{"line":2,"column":63}},"2":{"start":{"line":3,"column":0},"end":{"line":3,"column":69}},"3":{"start":{"line":4,"column":0},"end":{"line":4,"column":57}},"4":{"start":{"line":5,"column":0},"end":{"line":5,"column":0}},"5":{"start":{"line":6,"column":0},"end":{"line":6,"column":55}},"6":{"start":{"line":7,"column":0},"end":{"line":7,"column":61}},"7":{"start":{"line":8,"column":0},"end":{"line":8,"column":90}},"8":{"start":{"line":9,"column":0},"end":{"line":9,"column":12}},"9":{"start":{"line":10,"column":0},"end":{"line":10,"column":51}},"10":{"start":{"line":11,"column":0},"end":{"line":11,"column":5}},"11":{"start":{"line":12,"column":0},"end":{"line":12,"column":1}}},"s":{"0":0,"1":0,"2":0,"3":0,"4":0,"5":0,"6":0,"7":0,"8":0,"9":0,"10":0,"11":0},"branchMap":{"0":{"type":"branch","line":1,"loc":{"start":{"line":1,"column":0},"end":{"line":12,"column":1}},"locations":[{"start":{"line":1,"column":0},"end":{"line":12,"column":1}}]}},"b":{"0":[0]},"fnMap":{"0":{"name":"(empty-report)","decl":{"start":{"line":1,"column":0},"end":{"line":12,"column":1}},"loc":{"start":{"line":1,"column":0},"end":{"line":12,"column":1}},"line":1}},"f":{"0":0}}
,"/Users/bohdantytsky/Desktop/fuel_economy/src/logic/calculator.js": {"path":"/Users/bohdantytsky/Desktop/fuel_economy/src/logic/calculator.js","all":false,"statementMap":{"0":{"start":{"line":1,"column":0},"end":{"line":1,"column":51}},"1":{"start":{"line":2,"column":0},"end":{"line":2,"column":68}},"2":{"start":{"line":3,"column":0},"end":{"line":3,"column":62}},"3":{"start":{"line":4,"column":0},"end":{"line":4,"column":48}},"4":{"start":{"line":5,"column":0},"end":{"line":5,"column":2}},"5":{"start":{"line":6,"column":0},"end":{"line":6,"column":0}},"6":{"start":{"line":7,"column":0},"end":{"line":7,"column":63}},"7":{"start":{"line":8,"column":0},"end":{"line":8,"column":77}},"8":{"start":{"line":9,"column":0},"end":{"line":9,"column":49}},"9":{"start":{"line":10,"column":0},"end":{"line":10,"column":54}},"10":{"start":{"line":11,"column":0},"end":{"line":11,"column":38}},"11":{"start":{"line":12,"column":0},"end":{"line":12,"column":2}}},"s":{"0":1,"1":1,"2":4,"3":3,"4":3,"5":1,"6":1,"7":1,"8":2,"9":2,"10":2,"11":2},"branchMap":{"0":{"type":"branch","line":2,"loc":{"start":{"line":2,"column":33},"end":{"line":5,"column":2}},"locations":[{"start":{"line":2,"column":33},"end":{"line":5,"column":2}}]},"1":{"type":"branch","line":3,"loc":{"start":{"line":3,"column":19},"end":{"line":3,"column":38}},"locations":[{"start":{"line":3,"column":19},"end":{"line":3,"column":38}}]},"2":{"type":"branch","line":3,"loc":{"start":{"line":3,"column":39},"end":{"line":3,"column":51}},"locations":[{"start":{"line":3,"column":39},"end":{"line":3,"column":51}}]},"3":{"type":"branch","line":3,"loc":{"start":{"line":3,"column":53},"end":{"line":3,"column":62}},"locations":[{"start":{"line":3,"column":53},"end":{"line":3,"column":62}}]},"4":{"type":"branch","line":3,"loc":{"start":{"line":3,"column":61},"end":{"line":5,"column":2}},"locations":[{"start":{"line":3,"column":61},"end":{"line":5,"column":2}}]},"5":{"type":"branch","line":8,"loc":{"start":{"line":8,"column":31},"end":{"line":12,"column":2}},"locations":[{"start":{"line":8,"column":31},"end":{"line":12,"column":2}}]},"6":{"type":"branch","line":9,"loc":{"start":{"line":9,"column":40},"end":{"line":9,"column":49}},"locations":[{"start":{"line":9,"column":40},"end":{"line":9,"column":49}}]},"7":{"type":"branch","line":10,"loc":{"start":{"line":10,"column":30},"end":{"line":10,"column":44}},"locations":[{"start":{"line":10,"column":30},"end":{"line":10,"column":44}}]},"8":{"type":"branch","line":10,"loc":{"start":{"line":10,"column":45},"end":{"line":10,"column":53}},"locations":[{"start":{"line":10,"column":45},"end":{"line":10,"column":53}}]}},"b":{"0":[4],"1":[3],"2":[3],"3":[1],"4":[3],"5":[2],"6":[0],"7":[1],"8":[1]},"fnMap":{"0":{"name":"calculateFuelCost","decl":{"start":{"line":2,"column":33},"end":{"line":5,"column":2}},"loc":{"start":{"line":2,"column":33},"end":{"line":5,"column":2}},"line":2},"1":{"name":"calculateEVCost","decl":{"start":{"line":8,"column":31},"end":{"line":12,"column":2}},"loc":{"start":{"line":8,"column":31},"end":{"line":12,"column":2}},"line":8}},"f":{"0":4,"1":2}}
}
